2026-04-02 20:09:03,236 [INFO] local_seo_orchestrator — ============================================================
2026-04-02 20:09:03,237 [INFO] local_seo_orchestrator — Starting Search Sentinel pipeline
2026-04-02 20:09:03,237 [INFO] local_seo_orchestrator — Timestamp: 2026-04-02T20:09:03.237175+00:00
2026-04-02 20:09:03,237 [INFO] local_seo_orchestrator — ============================================================
2026-04-02 20:09:03,237 [INFO] local_seo_orchestrator — [1/5] Scanner Agent: fetching Google Maps rankings...
2026-04-02 20:09:03,237 [INFO] agents.scanner_agent — Scanner: scanning 'personal injury lawyer in New York NY' in New York, NY
2026-04-02 20:09:03,237 [INFO] agents.scanner_agent — Scanner: new month (2026-04) — resetting search usage counters
2026-04-02 20:09:03,337 [WARNING] agents.scanner_agent — Scanner [serpapi]: 429 rate limit for 'personal injury lawyer in New York NY'. Falling back to next provider...
2026-04-02 20:09:08,088 [INFO] agents.scanner_agent — Scanner [outscraper]: 20 results for 'personal injury lawyer in New York NY'
2026-04-02 20:09:12,089 [INFO] agents.scanner_agent — Scanner: scanning 'emergency plumber in New York NY' in New York, NY
2026-04-02 20:09:12,160 [WARNING] agents.scanner_agent — Scanner [serpapi]: 429 rate limit for 'emergency plumber in New York NY'. Falling back to next provider...
2026-04-02 20:09:18,469 [INFO] agents.scanner_agent — Scanner [outscraper]: 20 results for 'emergency plumber in New York NY'
2026-04-02 20:09:22,469 [INFO] agents.scanner_agent — Scanner: scanning 'cosmetic dentist in New York NY' in New York, NY
2026-04-02 20:09:22,542 [WARNING] agents.scanner_agent — Scanner [serpapi]: 429 rate limit for 'cosmetic dentist in New York NY'. Falling back to next provider...
2026-04-02 20:09:26,165 [INFO] agents.scanner_agent — Scanner [outscraper]: 20 results for 'cosmetic dentist in New York NY'
2026-04-02 20:09:30,165 [INFO] agents.scanner_agent — Scanner: scanning 'luxury real estate agent in New York NY' in New York, NY
2026-04-02 20:09:30,243 [WARNING] agents.scanner_agent — Scanner [serpapi]: 429 rate limit for 'luxury real estate agent in New York NY'. Falling back to next provider...
2026-04-02 20:09:35,846 [INFO] agents.scanner_agent — Scanner [outscraper]: 20 results for 'luxury real estate agent in New York NY'
2026-04-02 20:09:39,846 [INFO] agents.scanner_agent — Scanner: scanning 'regenerative medicine clinic in New York NY' in New York, NY
2026-04-02 20:09:39,915 [WARNING] agents.scanner_agent — Scanner [serpapi]: 429 rate limit for 'regenerative medicine clinic in New York NY'. Falling back to next provider...
2026-04-02 20:09:45,039 [INFO] agents.scanner_agent — Scanner [outscraper]: 20 results for 'regenerative medicine clinic in New York NY'
2026-04-02 20:09:49,039 [INFO] agents.scanner_agent — Scanner: scanning 'personal injury lawyer in Los Angeles CA' in Los Angeles, CA
2026-04-02 20:09:49,113 [WARNING] agents.scanner_agent — Scanner [serpapi]: 429 rate limit for 'personal injury lawyer in Los Angeles CA'. Falling back to next provider...
2026-04-02 20:09:52,960 [INFO] agents.scanner_agent — Scanner [outscraper]: 20 results for 'personal injury lawyer in Los Angeles CA'
2026-04-02 20:09:56,960 [INFO] agents.scanner_agent — Scanner: scanning 'emergency plumber in Los Angeles CA' in Los Angeles, CA
2026-04-02 20:09:57,032 [WARNING] agents.scanner_agent — Scanner [serpapi]: 429 rate limit for 'emergency plumber in Los Angeles CA'. Falling back to next provider...
2026-04-02 20:09:59,440 [INFO] agents.scanner_agent — Scanner [outscraper]: 20 results for 'emergency plumber in Los Angeles CA'
2026-04-02 20:10:03,440 [INFO] agents.scanner_agent — Scanner: scanning 'cosmetic dentist in Los Angeles CA' in Los Angeles, CA
2026-04-02 20:10:03,511 [WARNING] agents.scanner_agent — Scanner [serpapi]: 429 rate limit for 'cosmetic dentist in Los Angeles CA'. Falling back to next provider...
2026-04-02 20:10:05,906 [INFO] agents.scanner_agent — Scanner [outscraper]: 20 results for 'cosmetic dentist in Los Angeles CA'
2026-04-02 20:10:09,906 [INFO] agents.scanner_agent — Scanner: scanning 'luxury real estate agent in Los Angeles CA' in Los Angeles, CA
2026-04-02 20:10:09,987 [WARNING] agents.scanner_agent — Scanner [serpapi]: 429 rate limit for 'luxury real estate agent in Los Angeles CA'. Falling back to next provider...
2026-04-02 20:10:15,376 [INFO] agents.scanner_agent — Scanner [outscraper]: 20 results for 'luxury real estate agent in Los Angeles CA'
2026-04-02 20:10:19,376 [INFO] agents.scanner_agent — Scanner: scanning 'regenerative medicine clinic in Los Angeles CA' in Los Angeles, CA
2026-04-02 20:10:19,447 [WARNING] agents.scanner_agent — Scanner [serpapi]: 429 rate limit for 'regenerative medicine clinic in Los Angeles CA'. Falling back to next provider...
2026-04-02 20:10:22,663 [INFO] agents.scanner_agent — Scanner [outscraper]: 20 results for 'regenerative medicine clinic in Los Angeles CA'
2026-04-02 20:10:26,663 [INFO] agents.scanner_agent — Scanner: scanning 'personal injury lawyer in Chicago IL' in Chicago, IL
2026-04-02 20:10:26,739 [WARNING] agents.scanner_agent — Scanner [serpapi]: 429 rate limit for 'personal injury lawyer in Chicago IL'. Falling back to next provider...
2026-04-02 20:10:30,840 [INFO] agents.scanner_agent — Scanner [outscraper]: 20 results for 'personal injury lawyer in Chicago IL'
2026-04-02 20:10:34,840 [INFO] agents.scanner_agent — Scanner: scanning 'emergency plumber in Chicago IL' in Chicago, IL
2026-04-02 20:10:34,909 [WARNING] agents.scanner_agent — Scanner [serpapi]: 429 rate limit for 'emergency plumber in Chicago IL'. Falling back to next provider...
2026-04-02 20:10:56,580 [INFO] agents.scanner_agent — Scanner [outscraper]: 20 results for 'emergency plumber in Chicago IL'
2026-04-02 20:11:00,580 [INFO] agents.scanner_agent — Scanner: scanning 'cosmetic dentist in Chicago IL' in Chicago, IL
2026-04-02 20:11:00,660 [WARNING] agents.scanner_agent — Scanner [serpapi]: 429 rate limit for 'cosmetic dentist in Chicago IL'. Falling back to next provider...
2026-04-02 20:11:04,556 [INFO] agents.scanner_agent — Scanner [outscraper]: 20 results for 'cosmetic dentist in Chicago IL'
2026-04-02 20:11:08,556 [INFO] agents.scanner_agent — Scanner: scanning 'luxury real estate agent in Chicago IL' in Chicago, IL
2026-04-02 20:11:08,645 [WARNING] agents.scanner_agent — Scanner [serpapi]: 429 rate limit for 'luxury real estate agent in Chicago IL'. Falling back to next provider...
2026-04-02 20:11:11,791 [INFO] agents.scanner_agent — Scanner [outscraper]: 20 results for 'luxury real estate agent in Chicago IL'
2026-04-02 20:11:15,791 [INFO] agents.scanner_agent — Scanner: scanning 'regenerative medicine clinic in Chicago IL' in Chicago, IL
2026-04-02 20:11:15,866 [WARNING] agents.scanner_agent — Scanner [serpapi]: 429 rate limit for 'regenerative medicine clinic in Chicago IL'. Falling back to next provider...
2026-04-02 20:11:19,574 [INFO] agents.scanner_agent — Scanner [outscraper]: 20 results for 'regenerative medicine clinic in Chicago IL'
2026-04-02 20:11:23,575 [INFO] agents.scanner_agent — Scanner: scanning 'personal injury lawyer in Austin TX' in Austin, TX
2026-04-02 20:11:23,648 [WARNING] agents.scanner_agent — Scanner [serpapi]: 429 rate limit for 'personal injury lawyer in Austin TX'. Falling back to next provider...
2026-04-02 20:11:26,985 [INFO] agents.scanner_agent — Scanner [outscraper]: 20 results for 'personal injury lawyer in Austin TX'
2026-04-02 20:11:30,985 [INFO] agents.scanner_agent — Scanner: scanning 'emergency plumber in Austin TX' in Austin, TX
2026-04-02 20:11:31,064 [WARNING] agents.scanner_agent — Scanner [serpapi]: 429 rate limit for 'emergency plumber in Austin TX'. Falling back to next provider...
2026-04-02 20:11:34,976 [INFO] agents.scanner_agent — Scanner [outscraper]: 20 results for 'emergency plumber in Austin TX'
2026-04-02 20:11:38,976 [INFO] agents.scanner_agent — Scanner: scanning 'cosmetic dentist in Austin TX' in Austin, TX
2026-04-02 20:11:39,049 [WARNING] agents.scanner_agent — Scanner [serpapi]: 429 rate limit for 'cosmetic dentist in Austin TX'. Falling back to next provider...
2026-04-02 20:11:44,004 [INFO] agents.scanner_agent — Scanner [outscraper]: 20 results for 'cosmetic dentist in Austin TX'
2026-04-02 20:11:48,004 [INFO] agents.scanner_agent — Scanner: scanning 'luxury real estate agent in Austin TX' in Austin, TX
2026-04-02 20:11:48,077 [WARNING] agents.scanner_agent — Scanner [serpapi]: 429 rate limit for 'luxury real estate agent in Austin TX'. Falling back to next provider...
2026-04-02 20:11:50,535 [INFO] agents.scanner_agent — Scanner [outscraper]: 20 results for 'luxury real estate agent in Austin TX'
2026-04-02 20:11:54,535 [INFO] agents.scanner_agent — Scanner: scanning 'regenerative medicine clinic in Austin TX' in Austin, TX
2026-04-02 20:11:54,608 [WARNING] agents.scanner_agent — Scanner [serpapi]: 429 rate limit for 'regenerative medicine clinic in Austin TX'. Falling back to next provider...
2026-04-02 20:11:57,899 [INFO] agents.scanner_agent — Scanner [outscraper]: 12 results for 'regenerative medicine clinic in Austin TX'
2026-04-02 20:12:01,900 [INFO] agents.scanner_agent — Scanner: scanning 'personal injury lawyer in Miami FL' in Miami, FL
2026-04-02 20:12:01,978 [WARNING] agents.scanner_agent — Scanner [serpapi]: 429 rate limit for 'personal injury lawyer in Miami FL'. Falling back to next provider...
2026-04-02 20:12:06,531 [INFO] agents.scanner_agent — Scanner [outscraper]: 20 results for 'personal injury lawyer in Miami FL'
2026-04-02 20:12:10,532 [INFO] agents.scanner_agent — Scanner: scanning 'emergency plumber in Miami FL' in Miami, FL
2026-04-02 20:12:10,607 [WARNING] agents.scanner_agent — Scanner [serpapi]: 429 rate limit for 'emergency plumber in Miami FL'. Falling back to next provider...
2026-04-02 20:12:14,971 [INFO] agents.scanner_agent — Scanner [outscraper]: 8 results for 'emergency plumber in Miami FL'
2026-04-02 20:12:18,971 [INFO] agents.scanner_agent — Scanner: scanning 'cosmetic dentist in Miami FL' in Miami, FL
2026-04-02 20:12:19,042 [WARNING] agents.scanner_agent — Scanner [serpapi]: 429 rate limit for 'cosmetic dentist in Miami FL'. Falling back to next provider...
2026-04-02 20:12:21,477 [INFO] agents.scanner_agent — Scanner [outscraper]: 20 results for 'cosmetic dentist in Miami FL'
2026-04-02 20:12:25,478 [INFO] agents.scanner_agent — Scanner: scanning 'luxury real estate agent in Miami FL' in Miami, FL
2026-04-02 20:12:25,550 [WARNING] agents.scanner_agent — Scanner [serpapi]: 429 rate limit for 'luxury real estate agent in Miami FL'. Falling back to next provider...
2026-04-02 20:12:29,312 [INFO] agents.scanner_agent — Scanner [outscraper]: 20 results for 'luxury real estate agent in Miami FL'
2026-04-02 20:12:33,312 [INFO] agents.scanner_agent — Scanner: scanning 'regenerative medicine clinic in Miami FL' in Miami, FL
2026-04-02 20:12:33,386 [WARNING] agents.scanner_agent — Scanner [serpapi]: 429 rate limit for 'regenerative medicine clinic in Miami FL'. Falling back to next provider...
2026-04-02 20:12:38,371 [INFO] agents.scanner_agent — Scanner [outscraper]: 20 results for 'regenerative medicine clinic in Miami FL'
2026-04-02 20:12:42,371 [INFO] agents.scanner_agent — Scanner: scanning 'personal injury lawyer in Dallas TX' in Dallas, TX
2026-04-02 20:12:42,442 [WARNING] agents.scanner_agent — Scanner [serpapi]: 429 rate limit for 'personal injury lawyer in Dallas TX'. Falling back to next provider...
2026-04-02 20:12:47,688 [INFO] agents.scanner_agent — Scanner [outscraper]: 20 results for 'personal injury lawyer in Dallas TX'
2026-04-02 20:12:51,688 [INFO] agents.scanner_agent — Scanner: scanning 'emergency plumber in Dallas TX' in Dallas, TX
2026-04-02 20:12:51,763 [WARNING] agents.scanner_agent — Scanner [serpapi]: 429 rate limit for 'emergency plumber in Dallas TX'. Falling back to next provider...
2026-04-02 20:12:57,603 [INFO] agents.scanner_agent — Scanner [outscraper]: 20 results for 'emergency plumber in Dallas TX'
2026-04-02 20:13:01,603 [INFO] agents.scanner_agent — Scanner: scanning 'cosmetic dentist in Dallas TX' in Dallas, TX
2026-04-02 20:13:01,685 [WARNING] agents.scanner_agent — Scanner [serpapi]: 429 rate limit for 'cosmetic dentist in Dallas TX'. Falling back to next provider...
2026-04-02 20:13:04,239 [INFO] agents.scanner_agent — Scanner [outscraper]: 20 results for 'cosmetic dentist in Dallas TX'
2026-04-02 20:13:08,239 [INFO] agents.scanner_agent — Scanner: scanning 'luxury real estate agent in Dallas TX' in Dallas, TX
2026-04-02 20:13:08,314 [WARNING] agents.scanner_agent — Scanner [serpapi]: 429 rate limit for 'luxury real estate agent in Dallas TX'. Falling back to next provider...
2026-04-02 20:13:16,451 [INFO] agents.scanner_agent — Scanner [outscraper]: 20 results for 'luxury real estate agent in Dallas TX'
2026-04-02 20:13:20,451 [INFO] agents.scanner_agent — Scanner: scanning 'regenerative medicine clinic in Dallas TX' in Dallas, TX
2026-04-02 20:13:20,526 [WARNING] agents.scanner_agent — Scanner [serpapi]: 429 rate limit for 'regenerative medicine clinic in Dallas TX'. Falling back to next provider...
2026-04-02 20:13:24,828 [INFO] agents.scanner_agent — Scanner [outscraper]: 20 results for 'regenerative medicine clinic in Dallas TX'
2026-04-02 20:13:28,828 [INFO] agents.scanner_agent — Scanner: scanning 'personal injury lawyer in Phoenix AZ' in Phoenix, AZ
2026-04-02 20:13:28,898 [WARNING] agents.scanner_agent — Scanner [serpapi]: 429 rate limit for 'personal injury lawyer in Phoenix AZ'. Falling back to next provider...
2026-04-02 20:13:31,978 [INFO] agents.scanner_agent — Scanner [outscraper]: 20 results for 'personal injury lawyer in Phoenix AZ'
2026-04-02 20:13:35,978 [INFO] agents.scanner_agent — Scanner: scanning 'emergency plumber in Phoenix AZ' in Phoenix, AZ
2026-04-02 20:13:36,053 [WARNING] agents.scanner_agent — Scanner [serpapi]: 429 rate limit for 'emergency plumber in Phoenix AZ'. Falling back to next provider...
2026-04-02 20:13:38,590 [INFO] agents.scanner_agent — Scanner [outscraper]: 20 results for 'emergency plumber in Phoenix AZ'
2026-04-02 20:13:42,590 [INFO] agents.scanner_agent — Scanner: scanning 'cosmetic dentist in Phoenix AZ' in Phoenix, AZ
2026-04-02 20:13:42,667 [WARNING] agents.scanner_agent — Scanner [serpapi]: 429 rate limit for 'cosmetic dentist in Phoenix AZ'. Falling back to next provider...
2026-04-02 20:13:44,856 [INFO] agents.scanner_agent — Scanner [outscraper]: 20 results for 'cosmetic dentist in Phoenix AZ'
2026-04-02 20:13:48,856 [INFO] agents.scanner_agent — Scanner: scanning 'luxury real estate agent in Phoenix AZ' in Phoenix, AZ
2026-04-02 20:13:48,926 [WARNING] agents.scanner_agent — Scanner [serpapi]: 429 rate limit for 'luxury real estate agent in Phoenix AZ'. Falling back to next provider...
2026-04-02 20:13:54,364 [INFO] agents.scanner_agent — Scanner [outscraper]: 20 results for 'luxury real estate agent in Phoenix AZ'
2026-04-02 20:13:58,364 [INFO] agents.scanner_agent — Scanner: scanning 'regenerative medicine clinic in Phoenix AZ' in Phoenix, AZ
2026-04-02 20:13:58,436 [WARNING] agents.scanner_agent — Scanner [serpapi]: 429 rate limit for 'regenerative medicine clinic in Phoenix AZ'. Falling back to next provider...
2026-04-02 20:14:01,253 [INFO] agents.scanner_agent — Scanner [outscraper]: 20 results for 'regenerative medicine clinic in Phoenix AZ'
2026-04-02 20:14:05,253 [INFO] agents.scanner_agent — Scanner: scanning 'personal injury lawyer in Denver CO' in Denver, CO
2026-04-02 20:14:05,364 [WARNING] agents.scanner_agent — Scanner [serpapi]: 429 rate limit for 'personal injury lawyer in Denver CO'. Falling back to next provider...
2026-04-02 20:14:08,737 [INFO] agents.scanner_agent — Scanner [outscraper]: 20 results for 'personal injury lawyer in Denver CO'
2026-04-02 20:14:12,737 [INFO] agents.scanner_agent — Scanner: scanning 'emergency plumber in Denver CO' in Denver, CO
2026-04-02 20:14:12,831 [WARNING] agents.scanner_agent — Scanner [serpapi]: 429 rate limit for 'emergency plumber in Denver CO'. Falling back to next provider...
2026-04-02 20:14:16,942 [INFO] agents.scanner_agent — Scanner [outscraper]: 20 results for 'emergency plumber in Denver CO'
2026-04-02 20:14:20,942 [INFO] agents.scanner_agent — Scanner: scanning 'cosmetic dentist in Denver CO' in Denver, CO
2026-04-02 20:14:21,016 [WARNING] agents.scanner_agent — Scanner [serpapi]: 429 rate limit for 'cosmetic dentist in Denver CO'. Falling back to next provider...
2026-04-02 20:14:25,004 [INFO] agents.scanner_agent — Scanner [outscraper]: 20 results for 'cosmetic dentist in Denver CO'
2026-04-02 20:14:29,004 [INFO] agents.scanner_agent — Scanner: scanning 'luxury real estate agent in Denver CO' in Denver, CO
2026-04-02 20:14:29,078 [WARNING] agents.scanner_agent — Scanner [serpapi]: 429 rate limit for 'luxury real estate agent in Denver CO'. Falling back to next provider...
2026-04-02 20:14:43,154 [INFO] agents.scanner_agent — Scanner [outscraper]: 20 results for 'luxury real estate agent in Denver CO'
2026-04-02 20:14:47,154 [INFO] agents.scanner_agent — Scanner: scanning 'regenerative medicine clinic in Denver CO' in Denver, CO
2026-04-02 20:14:47,240 [WARNING] agents.scanner_agent — Scanner [serpapi]: 429 rate limit for 'regenerative medicine clinic in Denver CO'. Falling back to next provider...
2026-04-02 20:14:49,737 [INFO] agents.scanner_agent — Scanner [outscraper]: 20 results for 'regenerative medicine clinic in Denver CO'
2026-04-02 20:14:53,737 [INFO] agents.scanner_agent — Scanner: scanning 'personal injury lawyer in Philadelphia PA' in Philadelphia, PA
2026-04-02 20:14:53,815 [WARNING] agents.scanner_agent — Scanner [serpapi]: 429 rate limit for 'personal injury lawyer in Philadelphia PA'. Falling back to next provider...
2026-04-02 20:14:56,763 [INFO] agents.scanner_agent — Scanner [outscraper]: 20 results for 'personal injury lawyer in Philadelphia PA'
2026-04-02 20:15:00,764 [INFO] agents.scanner_agent — Scanner: scanning 'emergency plumber in Philadelphia PA' in Philadelphia, PA
2026-04-02 20:15:00,839 [WARNING] agents.scanner_agent — Scanner [serpapi]: 429 rate limit for 'emergency plumber in Philadelphia PA'. Falling back to next provider...
2026-04-02 20:15:03,565 [INFO] agents.scanner_agent — Scanner [outscraper]: 20 results for 'emergency plumber in Philadelphia PA'
2026-04-02 20:15:07,566 [INFO] agents.scanner_agent — Scanner: scanning 'cosmetic dentist in Philadelphia PA' in Philadelphia, PA
2026-04-02 20:15:07,640 [WARNING] agents.scanner_agent — Scanner [serpapi]: 429 rate limit for 'cosmetic dentist in Philadelphia PA'. Falling back to next provider...
2026-04-02 20:15:16,193 [INFO] agents.scanner_agent — Scanner [outscraper]: 20 results for 'cosmetic dentist in Philadelphia PA'
2026-04-02 20:15:20,194 [INFO] agents.scanner_agent — Scanner: scanning 'luxury real estate agent in Philadelphia PA' in Philadelphia, PA
2026-04-02 20:15:20,270 [WARNING] agents.scanner_agent — Scanner [serpapi]: 429 rate limit for 'luxury real estate agent in Philadelphia PA'. Falling back to next provider...
2026-04-02 20:15:24,436 [INFO] agents.scanner_agent — Scanner [outscraper]: 20 results for 'luxury real estate agent in Philadelphia PA'
2026-04-02 20:15:28,437 [INFO] agents.scanner_agent — Scanner: scanning 'regenerative medicine clinic in Philadelphia PA' in Philadelphia, PA
2026-04-02 20:15:28,515 [WARNING] agents.scanner_agent — Scanner [serpapi]: 429 rate limit for 'regenerative medicine clinic in Philadelphia PA'. Falling back to next provider...
2026-04-02 20:15:33,920 [INFO] agents.scanner_agent — Scanner [outscraper]: 20 results for 'regenerative medicine clinic in Philadelphia PA'
2026-04-02 20:15:37,920 [INFO] agents.scanner_agent — Scanner: scanning 'personal injury lawyer in Houston TX' in Houston, TX
2026-04-02 20:15:37,990 [WARNING] agents.scanner_agent — Scanner [serpapi]: 429 rate limit for 'personal injury lawyer in Houston TX'. Falling back to next provider...
2026-04-02 20:15:40,814 [INFO] agents.scanner_agent — Scanner [outscraper]: 20 results for 'personal injury lawyer in Houston TX'
2026-04-02 20:15:44,814 [INFO] agents.scanner_agent — Scanner: scanning 'emergency plumber in Houston TX' in Houston, TX
2026-04-02 20:15:44,892 [WARNING] agents.scanner_agent — Scanner [serpapi]: 429 rate limit for 'emergency plumber in Houston TX'. Falling back to next provider...
2026-04-02 20:15:50,362 [INFO] agents.scanner_agent — Scanner [outscraper]: 20 results for 'emergency plumber in Houston TX'
2026-04-02 20:15:54,362 [INFO] agents.scanner_agent — Scanner: scanning 'cosmetic dentist in Houston TX' in Houston, TX
2026-04-02 20:15:54,433 [WARNING] agents.scanner_agent — Scanner [serpapi]: 429 rate limit for 'cosmetic dentist in Houston TX'. Falling back to next provider...
2026-04-02 20:15:56,804 [INFO] agents.scanner_agent — Scanner [outscraper]: 20 results for 'cosmetic dentist in Houston TX'
2026-04-02 20:16:00,805 [INFO] agents.scanner_agent — Scanner: scanning 'luxury real estate agent in Houston TX' in Houston, TX
2026-04-02 20:16:00,875 [WARNING] agents.scanner_agent — Scanner [serpapi]: 429 rate limit for 'luxury real estate agent in Houston TX'. Falling back to next provider...
2026-04-02 20:16:03,478 [INFO] agents.scanner_agent — Scanner [outscraper]: 20 results for 'luxury real estate agent in Houston TX'
2026-04-02 20:16:07,479 [INFO] agents.scanner_agent — Scanner: scanning 'regenerative medicine clinic in Houston TX' in Houston, TX
2026-04-02 20:16:07,548 [WARNING] agents.scanner_agent — Scanner [serpapi]: 429 rate limit for 'regenerative medicine clinic in Houston TX'. Falling back to next provider...
2026-04-02 20:16:11,829 [INFO] agents.scanner_agent — Scanner [outscraper]: 20 results for 'regenerative medicine clinic in Houston TX'
2026-04-02 20:16:15,829 [INFO] agents.scanner_agent — Scanner: scanning 'personal injury lawyer in San Francisco CA' in San Francisco, CA
2026-04-02 20:16:15,902 [WARNING] agents.scanner_agent — Scanner [serpapi]: 429 rate limit for 'personal injury lawyer in San Francisco CA'. Falling back to next provider...
2026-04-02 20:16:20,397 [INFO] agents.scanner_agent — Scanner [outscraper]: 20 results for 'personal injury lawyer in San Francisco CA'
2026-04-02 20:16:24,398 [INFO] agents.scanner_agent — Scanner: scanning 'emergency plumber in San Francisco CA' in San Francisco, CA
2026-04-02 20:16:24,478 [WARNING] agents.scanner_agent — Scanner [serpapi]: 429 rate limit for 'emergency plumber in San Francisco CA'. Falling back to next provider...
2026-04-02 20:16:26,890 [INFO] agents.scanner_agent — Scanner [outscraper]: 20 results for 'emergency plumber in San Francisco CA'
2026-04-02 20:16:30,891 [INFO] agents.scanner_agent — Scanner: scanning 'cosmetic dentist in San Francisco CA' in San Francisco, CA
2026-04-02 20:16:30,968 [WARNING] agents.scanner_agent — Scanner [serpapi]: 429 rate limit for 'cosmetic dentist in San Francisco CA'. Falling back to next provider...
2026-04-02 20:16:33,581 [INFO] agents.scanner_agent — Scanner [outscraper]: 20 results for 'cosmetic dentist in San Francisco CA'
2026-04-02 20:16:37,581 [INFO] agents.scanner_agent — Scanner: scanning 'luxury real estate agent in San Francisco CA' in San Francisco, CA
2026-04-02 20:16:37,657 [WARNING] agents.scanner_agent — Scanner [serpapi]: 429 rate limit for 'luxury real estate agent in San Francisco CA'. Falling back to next provider...
2026-04-02 20:16:40,573 [INFO] agents.scanner_agent — Scanner [outscraper]: 20 results for 'luxury real estate agent in San Francisco CA'
2026-04-02 20:16:44,573 [INFO] agents.scanner_agent — Scanner: scanning 'regenerative medicine clinic in San Francisco CA' in San Francisco, CA
2026-04-02 20:16:44,645 [WARNING] agents.scanner_agent — Scanner [serpapi]: 429 rate limit for 'regenerative medicine clinic in San Francisco CA'. Falling back to next provider...
2026-04-02 20:16:49,360 [INFO] agents.scanner_agent — Scanner [outscraper]: 20 results for 'regenerative medicine clinic in San Francisco CA'
2026-04-02 20:16:53,360 [INFO] agents.scanner_agent — Scanner: scanning 'personal injury lawyer in Seattle WA' in Seattle, WA
2026-04-02 20:16:53,440 [WARNING] agents.scanner_agent — Scanner [serpapi]: 429 rate limit for 'personal injury lawyer in Seattle WA'. Falling back to next provider...
2026-04-02 20:16:57,218 [INFO] agents.scanner_agent — Scanner [outscraper]: 20 results for 'personal injury lawyer in Seattle WA'
2026-04-02 20:17:01,218 [INFO] agents.scanner_agent — Scanner: scanning 'emergency plumber in Seattle WA' in Seattle, WA
2026-04-02 20:17:01,294 [WARNING] agents.scanner_agent — Scanner [serpapi]: 429 rate limit for 'emergency plumber in Seattle WA'. Falling back to next provider...
2026-04-02 20:17:03,770 [INFO] agents.scanner_agent — Scanner [outscraper]: 20 results for 'emergency plumber in Seattle WA'
2026-04-02 20:17:07,771 [INFO] agents.scanner_agent — Scanner: scanning 'cosmetic dentist in Seattle WA' in Seattle, WA
2026-04-02 20:17:07,847 [WARNING] agents.scanner_agent — Scanner [serpapi]: 429 rate limit for 'cosmetic dentist in Seattle WA'. Falling back to next provider...
2026-04-02 20:17:15,245 [INFO] agents.scanner_agent — Scanner [outscraper]: 20 results for 'cosmetic dentist in Seattle WA'
2026-04-02 20:17:19,245 [INFO] agents.scanner_agent — Scanner: scanning 'luxury real estate agent in Seattle WA' in Seattle, WA
2026-04-02 20:17:19,319 [WARNING] agents.scanner_agent — Scanner [serpapi]: 429 rate limit for 'luxury real estate agent in Seattle WA'. Falling back to next provider...
2026-04-02 20:17:22,650 [INFO] agents.scanner_agent — Scanner [outscraper]: 20 results for 'luxury real estate agent in Seattle WA'
2026-04-02 20:17:26,651 [INFO] agents.scanner_agent — Scanner: scanning 'regenerative medicine clinic in Seattle WA' in Seattle, WA
2026-04-02 20:17:26,732 [WARNING] agents.scanner_agent — Scanner [serpapi]: 429 rate limit for 'regenerative medicine clinic in Seattle WA'. Falling back to next provider...
2026-04-02 20:17:33,152 [INFO] agents.scanner_agent — Scanner [outscraper]: 8 results for 'regenerative medicine clinic in Seattle WA'
2026-04-02 20:17:37,153 [INFO] agents.scanner_agent — Scanner: monthly usage after this run — SerpAPI 0/245, Outscraper 60/95, ValueSERP 0/95
2026-04-02 20:17:37,153 [INFO] local_seo_orchestrator —       Scanned 60 categories
2026-04-02 20:17:37,153 [INFO] local_seo_orchestrator — [2/5] Analyzer Agent: detecting rank changes...
2026-04-02 20:17:37,265 [INFO] agents.analyzer_agent — Analyzer: found 376 rank drop alerts across 60 categories
2026-04-02 20:17:37,265 [INFO] local_seo_orchestrator —       Found 376 rank drop alerts
2026-04-02 20:17:37,266 [INFO] local_seo_orchestrator — [3/5] Outreach Agent: sending teaser emails for 376 drops...
2026-04-02 20:17:37,521 [INFO] agents.outreach_agent — Found email info@hillmoin.com on https://hillmoin.com/
2026-04-02 20:17:39,178 [INFO] agents.outreach_agent — Outreach: teaser email sent to info@hillmoin.com (Hill & Moin LLP - Accident Attorneys)
2026-04-02 20:17:42,600 [INFO] agents.outreach_agent — Outreach: no email found for Rosenbaum Personal Injury Lawyers
2026-04-02 20:17:42,996 [INFO] agents.outreach_agent — Outreach: no email found for The Perecman Firm, P.L.L.C.
2026-04-02 20:18:07,480 [INFO] agents.outreach_agent — Outreach: no email found for Cellino Law Injury Attorneys
2026-04-02 20:18:08,760 [INFO] agents.outreach_agent — Found email cropped-Favicon@512px-32x32.png on https://richman-law.com/
2026-04-02 20:18:10,300 [INFO] agents.outreach_agent — Outreach: teaser email sent to cropped-Favicon@512px-32x32.png (The Law Offices of Eric Richman)
2026-04-02 20:18:13,694 [INFO] agents.outreach_agent — Outreach: no email found for Hach & Rose, LLP
2026-04-02 20:18:14,241 [INFO] agents.outreach_agent — Outreach: no email found for MooreJustice New York City Accident & Injury Lawyers
2026-04-02 20:18:14,589 [INFO] agents.outreach_agent — Outreach: no email found for Friedland Law
2026-04-02 20:18:18,814 [INFO] agents.outreach_agent — Outreach: no email found for 24 Hour Emergency Plumber NYC - Brooklyn
2026-04-02 20:18:19,210 [INFO] agents.outreach_agent — Outreach: no email found for 24/7 Manhattan Plumbing NYC
2026-04-02 20:18:19,210 [INFO] agents.outreach_agent — Outreach batch complete: sent=2 (subscribers=0), no_email=8, failed=0
2026-04-02 20:18:19,210 [INFO] local_seo_orchestrator — [4/5] Fulfillment: registering 2 alerts for payment...
2026-04-02 20:18:19,210 [INFO] agents.fulfillment_agent — Fulfillment: registered 2 alerts for post-payment delivery
2026-04-02 20:18:19,210 [INFO] local_seo_orchestrator — [5/5] Monitor Agent: recording stats...
2026-04-02 20:18:20,614 [INFO] local_seo_orchestrator — ============================================================
2026-04-02 20:18:20,615 [INFO] local_seo_orchestrator — Pipeline complete. 376 drops, 2 teasers sent (0 PDFs — generated on payment only)
2026-04-02 20:18:20,615 [INFO] local_seo_orchestrator — ============================================================
